<?xml version="1.0" encoding="UTF-8"?>
<testsuite xmlns:xsi="http://www.w3.org/2001/XMLSchema-instance" xsi:noNamespaceSchemaLocation="https://maven.apache.org/surefire/maven-surefire-plugin/xsd/surefire-test-report.xsd" version="3.0.2" name="com.smartBrace.SmartBraceApplicationTests" time="1.88" tests="1" errors="0" skipped="0" failures="0">
  <properties>
[...]
</properties>
  <testcase name="contextLoads" classname="com.smartBrace.SmartBraceApplicationTests" time="0.502">
    <system-out><![CDATA[23:24:08.587 [main] INFO org.springframework.test.context.support.AnnotationConfigContextLoaderUtils -- Could not detect default configuration classes for test class [com.smartBrace.SmartBraceApplicationTests]: SmartBraceApplicationTests does not declare any static, non-private, non-final, nested classes annotated with @Configuration.
23:24:08.636 [main] INFO org.springframework.boot.test.context.SpringBootTestContextBootstrapper -- Found @SpringBootConfiguration com.smartBrace.SmartBraceApplication for test class com.smartBrace.SmartBraceApplicationTests
23:24:08.695 [main] INFO org.springframework.boot.devtools.restart.RestartApplicationListener -- Restart disabled due to context in which it is running

  .   ____          _            __ _ _
 /\\ / ___'_ __ _ _(_)_ __  __ _ \ \ \ \
( ( )\___ | '_ | '_| | '_ \/ _` | \ \ \ \
 \\/  ___)| |_)| | | | | || (_| |  ) ) ) )
  '  |____| .__|_| |_|_| |_\__, | / / / /
 =========|_|==============|___/=/_/_/_/

 :: Spring Boot ::                (v3.4.4)

2025-04-08T23:24:08.816+08:00  INFO 23402 --- [           main] c.smartBrace.SmartBraceApplicationTests  : Starting SmartBraceApplicationTests using Java 17.0.12 with PID 23402 (started by huanghuang in /Users/huanghuang/Workplace/smart-brace/smartBrace)
2025-04-08T23:24:08.817+08:00  INFO 23402 --- [           main] c.smartBrace.SmartBraceApplicationTests  : No active profile set, falling back to 1 default profile: "default"
2025-04-08T23:24:09.050+08:00  INFO 23402 --- [           main] .s.d.r.c.RepositoryConfigurationDelegate : Bootstrapping Spring Data JDBC repositories in DEFAULT mode.
2025-04-08T23:24:09.055+08:00  INFO 23402 --- [           main] .s.d.r.c.RepositoryConfigurationDelegate : Finished Spring Data repository scanning in 3 ms. Found 0 JDBC repository interfaces.
2025-04-08T23:24:09.531+08:00  INFO 23402 --- [           main] com.zaxxer.hikari.HikariDataSource       : HikariPool-1 - Starting...
2025-04-08T23:24:09.762+08:00  INFO 23402 --- [           main] com.zaxxer.hikari.pool.HikariPool        : HikariPool-1 - Added connection com.mysql.cj.jdbc.ConnectionImpl@d36c1c3
2025-04-08T23:24:09.764+08:00  INFO 23402 --- [           main] com.zaxxer.hikari.HikariDataSource       : HikariPool-1 - Start completed.
2025-04-08T23:24:09.889+08:00  INFO 23402 --- [           main] c.smartBrace.SmartBraceApplicationTests  : Started SmartBraceApplicationTests in 1.198 seconds (process running for 1.58)
]]></system-out>
  </testcase>
</testsuite>